<?xml version="1.0" encoding="UTF-8"?>
<testsuite xmlns:xsi="http://www.w3.org/2001/XMLSchema-instance" xsi:noNamespaceSchemaLocation="https://maven.apache.org/surefire/maven-surefire-plugin/xsd/surefire-test-report.xsd" name="GeneticsApp.AddPersonTest" time="0.001" tests="9" errors="0" skipped="0" failures="0">
  <properties>
    <property name="awt.toolkit" value="sun.awt.X11.XToolkit"/>
    <property name="java.specification.version" value="11"/>
    <property name="sun.cpu.isalist" value=""/>
    <property name="sun.jnu.encoding" value="UTF-8"/>
    <property name="java.class.path" value="/home/blooopers/programming/GenealogyApp/target/test-classes:/home/blooopers/programming/GenealogyApp/target/classes:/home/blooopers/.m2/repository/junit/junit/4.11/junit-4.11.jar:/home/blooopers/.m2/repository/org/hamcrest/hamcrest-core/1.3/hamcrest-core-1.3.jar:/home/blooopers/.m2/repository/org/jgrapht/jgrapht-core/1.5.0/jgrapht-core-1.5.0.jar:/home/blooopers/.m2/repository/org/jheaps/jheaps/0.13/jheaps-0.13.jar:"/>
    <property name="java.vm.vendor" value="Oracle Corporation"/>
    <property name="sun.arch.data.model" value="64"/>
    <property name="java.vendor.url" value="https://openjdk.java.net/"/>
    <property name="user.timezone" value=""/>
    <property name="java.vm.specification.version" value="11"/>
    <property name="os.name" value="Linux"/>
    <property name="sun.java.launcher" value="SUN_STANDARD"/>
    <property name="user.country" value="US"/>
    <property name="sun.boot.library.path" value="/usr/lib/jvm/java-11-openjdk/lib"/>
    <property name="sun.java.command" value="/home/blooopers/programming/GenealogyApp/target/surefire/surefirebooter12819419265638909161.jar /home/blooopers/programming/GenealogyApp/target/surefire 2020-12-07T03-41-37_791-jvmRun1 surefire11183727532132104324tmp surefire_015749217016757255533tmp"/>
    <property name="jdk.debug" value="release"/>
    <property name="surefire.test.class.path" value="/home/blooopers/programming/GenealogyApp/target/test-classes:/home/blooopers/programming/GenealogyApp/target/classes:/home/blooopers/.m2/repository/junit/junit/4.11/junit-4.11.jar:/home/blooopers/.m2/repository/org/hamcrest/hamcrest-core/1.3/hamcrest-core-1.3.jar:/home/blooopers/.m2/repository/org/jgrapht/jgrapht-core/1.5.0/jgrapht-core-1.5.0.jar:/home/blooopers/.m2/repository/org/jheaps/jheaps/0.13/jheaps-0.13.jar:"/>
    <property name="sun.cpu.endian" value="little"/>
    <property name="user.home" value="/home/blooopers"/>
    <property name="user.language" value="en"/>
    <property name="java.specification.vendor" value="Oracle Corporation"/>
    <property name="java.version.date" value="2020-07-14"/>
    <property name="java.home" value="/usr/lib/jvm/java-11-openjdk"/>
    <property name="file.separator" value="/"/>
    <property name="basedir" value="/home/blooopers/programming/GenealogyApp"/>
    <property name="java.vm.compressedOopsMode" value="Zero based"/>
    <property name="line.separator" value="&#10;"/>
    <property name="java.specification.name" value="Java Platform API Specification"/>
    <property name="java.vm.specification.vendor" value="Oracle Corporation"/>
    <property name="java.awt.graphicsenv" value="sun.awt.X11GraphicsEnvironment"/>
    <property name="surefire.real.class.path" value="/home/blooopers/programming/GenealogyApp/target/surefire/surefirebooter12819419265638909161.jar"/>
    <property name="sun.management.compiler" value="HotSpot 64-Bit Tiered Compilers"/>
    <property name="java.runtime.version" value="11.0.8+10"/>
    <property name="user.name" value="blooopers"/>
    <property name="path.separator" value=":"/>
    <property name="os.version" value="5.9.11-3-MANJARO"/>
    <property name="java.runtime.name" value="OpenJDK Runtime Environment"/>
    <property name="file.encoding" value="UTF-8"/>
    <property name="java.vm.name" value="OpenJDK 64-Bit Server VM"/>
    <property name="localRepository" value="/home/blooopers/.m2/repository"/>
    <property name="java.vendor.url.bug" value="https://bugreport.java.com/bugreport/"/>
    <property name="java.io.tmpdir" value="/tmp"/>
    <property name="idea.version" value="2020.2.3"/>
    <property name="java.version" value="11.0.8"/>
    <property name="user.dir" value="/home/blooopers/programming/GenealogyApp"/>
    <property name="os.arch" value="amd64"/>
    <property name="java.vm.specification.name" value="Java Virtual Machine Specification"/>
    <property name="java.awt.printerjob" value="sun.print.PSPrinterJob"/>
    <property name="sun.os.patch.level" value="unknown"/>
    <property name="java.library.path" value="/usr/java/packages/lib:/usr/lib64:/lib64:/lib:/usr/lib"/>
    <property name="java.vm.info" value="mixed mode"/>
    <property name="java.vendor" value="N/A"/>
    <property name="java.vm.version" value="11.0.8+10"/>
    <property name="sun.io.unicode.encoding" value="UnicodeLittle"/>
    <property name="java.class.version" value="55.0"/>
  </properties>
  <testcase name="onlyAddDeathPlace" classname="GeneticsApp.AddPersonTest" time="0"/>
  <testcase name="onlyAddFullName" classname="GeneticsApp.AddPersonTest" time="0"/>
  <testcase name="onlyAddDOB" classname="GeneticsApp.AddPersonTest" time="0"/>
  <testcase name="onlyAddDOD" classname="GeneticsApp.AddPersonTest" time="0"/>
  <testcase name="onlyAddBirthPlace" classname="GeneticsApp.AddPersonTest" time="0"/>
  <testcase name="onlyAddID" classname="GeneticsApp.AddPersonTest" time="0"/>
  <testcase name="onlyAddLastName" classname="GeneticsApp.AddPersonTest" time="0"/>
  <testcase name="onlyAddSuffix" classname="GeneticsApp.AddPersonTest" time="0"/>
  <testcase name="onlyAddFirstName" classname="GeneticsApp.AddPersonTest" time="0"/>
</testsuite>